#-----------------------------------------------------------
# Vivado v2018.2 (64-bit)
# SW Build 2258646 on Thu Jun 14 20:03:12 MDT 2018
# IP Build 2256618 on Thu Jun 14 22:10:49 MDT 2018
# Start of session at: Sun Dec  6 13:06:15 2020
# Process ID: 7272
# Current directory: C:/Users/Home/Desktop/PracaMagisterska/Pliki/Projekt_Vivado/Projekt_Vivado_glowny/LogAn_release
# Command line: vivado.exe -gui_launcher_event rodinguilauncherevent9532 C:\Users\Home\Desktop\PracaMagisterska\Pliki\Projekt_Vivado\Projekt_Vivado_glowny\LogAn_release\LogAn_v2.xpr
# Log file: C:/Users/Home/Desktop/PracaMagisterska/Pliki/Projekt_Vivado/Projekt_Vivado_glowny/LogAn_release/vivado.log
# Journal file: C:/Users/Home/Desktop/PracaMagisterska/Pliki/Projekt_Vivado/Projekt_Vivado_glowny/LogAn_release\vivado.jou
#-----------------------------------------------------------
start_gui
open_project C:/Xilinx/VivadoProj/LogAn_release/LogAn_v2.xpr
Scanning sources...
Finished scanning sources
INFO: [IP_Flow 19-234] Refreshing IP repositories
INFO: [IP_Flow 19-1704] No user IP repositories specified
INFO: [IP_Flow 19-2313] Loaded Vivado IP repository 'C:/Xilinx/Vivado/2018.2/data/ip'.
open_project: Time (s): cpu = 00:00:23 ; elapsed = 00:00:17 . Memory (MB): peak = 850.406 ; gain = 138.488
update_compile_order -fileset sources_1
exit
INFO: [Common 17-206] Exiting Vivado at Sun Dec  6 13:10:29 2020...
